0 info it worked if it ends with ok
1 verbose cli [ 'C:\\Program Files\\nodejs\\node.exe',
1 verbose cli   'C:\\Program Files\\nodejs\\node_modules\\npm\\bin\\npm-cli.js',
1 verbose cli   'run',
1 verbose cli   'docs:dev' ]
2 info using npm@3.10.10
3 info using node@v6.11.2
4 verbose run-script [ 'predocs:dev', 'docs:dev', 'postdocs:dev' ]
5 info lifecycle example@1.0.0~predocs:dev: example@1.0.0
6 silly lifecycle example@1.0.0~predocs:dev: no script for predocs:dev, continuing
7 info lifecycle example@1.0.0~docs:dev: example@1.0.0
8 verbose lifecycle example@1.0.0~docs:dev: unsafe-perm in lifecycle true
9 verbose lifecycle example@1.0.0~docs:dev: PATH: C:\Program Files\nodejs\node_modules\npm\bin\node-gyp-bin;E:\example\node_modules\.bin;E:\app\15210\product\11.2.0\dbhome_2\bin;E:\app\15210\product\11.2.0\dbhome_1\bin;C:\Program Files (x86)\Common Files\Oracle\Java\javapath;C:\Windows\system32;C:\Windows;C:\Windows\System32\Wbem;C:\Windows\System32\WindowsPowerShell\v1.0\;C:\Windows\System32\OpenSSH\;C:\Program Files (x86)\Microsoft SQL Server\100\Tools\Binn\;C:\Program Files\Microsoft SQL Server\100\Tools\Binn\;C:\Program Files\Microsoft SQL Server\100\DTS\Binn\;C:\Program Files (x86)\Microsoft SQL Server\100\Tools\Binn\VSShell\Common7\IDE\;C:\Program Files (x86)\Microsoft Visual Studio 9.0\Common7\IDE\PrivateAssemblies\;C:\Program Files (x86)\Microsoft SQL Server\100\DTS\Binn\;E:\apache-tomcat-7.0.96\bin;C:\Program Files\Java\jdk1.8.0_171\bin;C:\Program Files\Java\jdk1.8.0_171\jre\bin;E:\apache-maven-3.0.5\bin\;C:\Program Files\nodejs\;E:\Git\cmd;E:\bin;C:\Program Files\Intel\WiFi\bin\;C:\Program Files\Common Files\Intel\WirelessCommon\;E:\mysql-8.0.20-winx64\bin;c:\Program Files (x86)\Intel\Intel(R) Management Engine Components\DAL;c:\Program Files\Intel\Intel(R) Management Engine Components\DAL;E:\python\Scripts\;E:\python\;C:\Users\15210\AppData\Local\Microsoft\WindowsApps;C:\Users\15210\AppData\Roaming\npm;E:\pythoncharm2\PyCharm 2019.3\bin;
10 verbose lifecycle example@1.0.0~docs:dev: CWD: E:\example
11 silly lifecycle example@1.0.0~docs:dev: Args: [ '/d /s /c', 'vuepress dev docs' ]
12 silly lifecycle example@1.0.0~docs:dev: Returned: code: 1  signal: null
13 info lifecycle example@1.0.0~docs:dev: Failed to exec docs:dev script
14 verbose stack Error: example@1.0.0 docs:dev: `vuepress dev docs`
14 verbose stack Exit status 1
14 verbose stack     at EventEmitter.<anonymous> (C:\Program Files\nodejs\node_modules\npm\lib\utils\lifecycle.js:255:16)
14 verbose stack     at emitTwo (events.js:106:13)
14 verbose stack     at EventEmitter.emit (events.js:191:7)
14 verbose stack     at ChildProcess.<anonymous> (C:\Program Files\nodejs\node_modules\npm\lib\utils\spawn.js:40:14)
14 verbose stack     at emitTwo (events.js:106:13)
14 verbose stack     at ChildProcess.emit (events.js:191:7)
14 verbose stack     at maybeClose (internal/child_process.js:891:16)
14 verbose stack     at Process.ChildProcess._handle.onexit (internal/child_process.js:226:5)
15 verbose pkgid example@1.0.0
16 verbose cwd E:\example
17 error Windows_NT 10.0.18362
18 error argv "C:\\Program Files\\nodejs\\node.exe" "C:\\Program Files\\nodejs\\node_modules\\npm\\bin\\npm-cli.js" "run" "docs:dev"
19 error node v6.11.2
20 error npm  v3.10.10
21 error code ELIFECYCLE
22 error example@1.0.0 docs:dev: `vuepress dev docs`
22 error Exit status 1
23 error Failed at the example@1.0.0 docs:dev script 'vuepress dev docs'.
23 error Make sure you have the latest version of node.js and npm installed.
23 error If you do, this is most likely a problem with the example package,
23 error not with npm itself.
23 error Tell the author that this fails on your system:
23 error     vuepress dev docs
23 error You can get information on how to open an issue for this project with:
23 error     npm bugs example
23 error Or if that isn't available, you can get their info via:
23 error     npm owner ls example
23 error There is likely additional logging output above.
24 verbose exit [ 1, true ]
